2022-11-26 15:27:38,281:INFO:PyCaret Supervised Module
2022-11-26 15:27:38,281:INFO:ML Usecase: classification
2022-11-26 15:27:38,281:INFO:version 2.2.3
2022-11-26 15:27:38,281:INFO:Initializing setup()
2022-11-26 15:27:38,282:INFO:setup(target=Class, ml_usecase=classification, available_plots={'parameter': 'Hyperparameters', 'auc': 'AUC', 'confusion_matrix': 'Confusion Matrix', 'threshold': 'Threshold', 'pr': 'Precision Recall', 'error': 'Prediction Error', 'class_report': 'Class Report', 'rfe': 'Feature Selection', 'learning': 'Learning Curve', 'manifold': 'Manifold Learning', 'calibration': 'Calibration Curve', 'vc': 'Validation Curve', 'dimension': 'Dimensions', 'feature': 'Feature Importance', 'feature_all': 'Feature Importance (All)', 'boundary': 'Decision Boundary', 'lift': 'Lift Chart', 'gain': 'Gain Chart', 'tree': 'Decision Tree'}, train_size=0.7, test_data=None, preprocess=True, imputation_type=simple, iterative_imputation_iters=5, categorical_features=None, categorical_imputation=constant, categorical_iterative_imputer=lightgbm, ordinal_features=None, high_cardinality_features=None, high_cardinality_method=frequency, numeric_features=None, numeric_imputation=mean, numeric_iterative_imputer=lightgbm, date_features=None, ignore_features=None, normalize=False, normalize_method=zscore, transformation=False, transformation_method=yeo-johnson, handle_unknown_categorical=True, unknown_categorical_method=least_frequent, pca=False, pca_method=linear, pca_components=None, ignore_low_variance=False, combine_rare_levels=False, rare_level_threshold=0.1, bin_numeric_features=None, remove_outliers=False, outliers_threshold=0.05, remove_multicollinearity=False, multicollinearity_threshold=0.9, remove_perfect_collinearity=True, create_clusters=False, cluster_iter=20, polynomial_features=False, polynomial_degree=2, trigonometry_features=False, polynomial_threshold=0.1, group_features=None, group_names=None, feature_selection=False, feature_selection_threshold=0.8, feature_selection_method=classic, feature_interaction=False, feature_ratio=False, interaction_threshold=0.01, fix_imbalance=False, fix_imbalance_method=None, transform_target=False, transform_target_method=box-cox, data_split_shuffle=True, data_split_stratify=False, fold_strategy=stratifiedkfold, fold=10, fold_shuffle=False, fold_groups=None, n_jobs=-1, use_gpu=False, custom_pipeline=None, html=True, session_id=123, log_experiment=False, experiment_name=None, log_plots=False, log_profile=False, log_data=False, silent=False, verbose=True, profile=False, profile_kwargs=None, display=None)
2022-11-26 15:27:38,282:INFO:Checking environment
2022-11-26 15:27:38,282:INFO:python_version: 3.10.6
2022-11-26 15:27:38,282:INFO:python_build: ('main', 'Aug 22 2022 20:36:39')
2022-11-26 15:27:38,282:INFO:machine: x86_64
2022-11-26 15:27:38,282:INFO:platform: Linux-5.4.0-1094-azure-x86_64-with-glibc2.35
2022-11-26 15:27:38,282:INFO:Memory: svmem(total=33670815744, available=27762147328, percent=17.5, used=5421363200, free=1493803008, active=7642451968, inactive=22185406464, buffers=947793920, cached=25807855616, shared=1126400, slab=2026323968)
2022-11-26 15:27:38,283:INFO:Physical Core: 8
2022-11-26 15:27:38,283:INFO:Logical Core: 16
2022-11-26 15:27:38,284:INFO:Checking libraries
2022-11-26 15:27:38,284:INFO:pd==1.5.1
2022-11-26 15:27:38,284:INFO:numpy==1.23.5
2022-11-26 15:27:38,284:INFO:sklearn==1.1.3
2022-11-26 15:27:38,298:INFO:xgboost==1.7.1
2022-11-26 15:27:38,298:INFO:lightgbm==3.3.3
2022-11-26 15:27:38,321:INFO:catboost==1.1.1
2022-11-26 15:27:38,534:INFO:mlflow==1.30.0
2022-11-26 15:27:38,535:INFO:Checking Exceptions
2022-11-26 15:27:38,535:INFO:Declaring global variables
2022-11-26 15:27:38,535:INFO:USI: 70e5
2022-11-26 15:27:38,535:INFO:pycaret_globals: {'_available_plots', 'fold_groups_param', '_gpu_n_jobs_param', 'display_container', 'pycaret_globals', 'y', '_ml_usecase', 'seed', '_internal_pipeline', 'X_test', 'transform_target_param', 'imputation_regressor', 'target_param', 'fix_imbalance_method_param', 'fold_generator', 'imputation_classifier', 'log_plots_param', '_all_models', 'data_before_preprocess', 'fix_imbalance_param', 'y_train', 'y_test', 'fold_shuffle_param', 'html_param', 'n_jobs_param', 'fold_param', 'prep_pipe', 'master_model_container', 'gpu_param', 'experiment__', '_all_models_internal', 'X', 'iterative_imputation_iters_param', 'stratify_param', 'create_model_container', 'logging_param', 'exp_name_log', 'transform_target_method_param', '_all_metrics', 'X_train', 'USI'}
2022-11-26 15:27:38,535:INFO:Preparing display monitor
2022-11-26 15:27:38,535:INFO:Preparing display monitor
2022-11-26 15:27:38,546:INFO:Importing libraries
2022-11-26 15:27:38,546:INFO:Copying data for preprocessing
2022-11-26 15:27:38,552:INFO:Declaring preprocessing parameters
2022-11-26 15:27:38,554:INFO:Creating preprocessing pipeline
2022-11-26 15:27:38,558:INFO:Preprocessing pipeline created successfully
2022-11-26 15:27:38,558:ERROR:(Process Exit): setup has been interupted with user command 'quit'. setup must rerun.
2022-11-26 15:27:38,559:INFO:Creating global containers
2022-11-26 15:28:01,134:INFO:PyCaret Supervised Module
2022-11-26 15:28:01,134:INFO:ML Usecase: classification
2022-11-26 15:28:01,134:INFO:version 2.2.3
2022-11-26 15:28:01,134:INFO:Initializing setup()
2022-11-26 15:28:01,135:INFO:setup(target=Class, ml_usecase=classification, available_plots={'parameter': 'Hyperparameters', 'auc': 'AUC', 'confusion_matrix': 'Confusion Matrix', 'threshold': 'Threshold', 'pr': 'Precision Recall', 'error': 'Prediction Error', 'class_report': 'Class Report', 'rfe': 'Feature Selection', 'learning': 'Learning Curve', 'manifold': 'Manifold Learning', 'calibration': 'Calibration Curve', 'vc': 'Validation Curve', 'dimension': 'Dimensions', 'feature': 'Feature Importance', 'feature_all': 'Feature Importance (All)', 'boundary': 'Decision Boundary', 'lift': 'Lift Chart', 'gain': 'Gain Chart', 'tree': 'Decision Tree'}, train_size=0.7, test_data=None, preprocess=True, imputation_type=simple, iterative_imputation_iters=5, categorical_features=None, categorical_imputation=constant, categorical_iterative_imputer=lightgbm, ordinal_features=None, high_cardinality_features=None, high_cardinality_method=frequency, numeric_features=None, numeric_imputation=mean, numeric_iterative_imputer=lightgbm, date_features=None, ignore_features=None, normalize=False, normalize_method=zscore, transformation=False, transformation_method=yeo-johnson, handle_unknown_categorical=True, unknown_categorical_method=least_frequent, pca=False, pca_method=linear, pca_components=None, ignore_low_variance=False, combine_rare_levels=False, rare_level_threshold=0.1, bin_numeric_features=None, remove_outliers=False, outliers_threshold=0.05, remove_multicollinearity=False, multicollinearity_threshold=0.9, remove_perfect_collinearity=True, create_clusters=False, cluster_iter=20, polynomial_features=False, polynomial_degree=2, trigonometry_features=False, polynomial_threshold=0.1, group_features=None, group_names=None, feature_selection=False, feature_selection_threshold=0.8, feature_selection_method=classic, feature_interaction=False, feature_ratio=False, interaction_threshold=0.01, fix_imbalance=False, fix_imbalance_method=None, transform_target=False, transform_target_method=box-cox, data_split_shuffle=True, data_split_stratify=False, fold_strategy=stratifiedkfold, fold=10, fold_shuffle=True, fold_groups=None, n_jobs=-1, use_gpu=False, custom_pipeline=None, html=True, session_id=123, log_experiment=False, experiment_name=None, log_plots=False, log_profile=False, log_data=False, silent=False, verbose=True, profile=False, profile_kwargs=None, display=None)
2022-11-26 15:28:01,135:INFO:Checking environment
2022-11-26 15:28:01,135:INFO:python_version: 3.10.6
2022-11-26 15:28:01,135:INFO:python_build: ('main', 'Aug 22 2022 20:36:39')
2022-11-26 15:28:01,135:INFO:machine: x86_64
2022-11-26 15:28:01,135:INFO:platform: Linux-5.4.0-1094-azure-x86_64-with-glibc2.35
2022-11-26 15:28:01,135:INFO:Memory: svmem(total=33670815744, available=27624837120, percent=18.0, used=5558669312, free=1354502144, active=7781724160, inactive=22186921984, buffers=947896320, cached=25809747968, shared=1126400, slab=2026090496)
2022-11-26 15:28:01,136:INFO:Physical Core: 8
2022-11-26 15:28:01,137:INFO:Logical Core: 16
2022-11-26 15:28:01,137:INFO:Checking libraries
2022-11-26 15:28:01,137:INFO:pd==1.5.1
2022-11-26 15:28:01,137:INFO:numpy==1.23.5
2022-11-26 15:28:01,137:INFO:sklearn==1.1.3
2022-11-26 15:28:01,137:INFO:xgboost==1.7.1
2022-11-26 15:28:01,137:INFO:lightgbm==3.3.3
2022-11-26 15:28:01,137:INFO:catboost==1.1.1
2022-11-26 15:28:01,137:INFO:mlflow==1.30.0
2022-11-26 15:28:01,137:INFO:Checking Exceptions
2022-11-26 15:28:01,137:INFO:Declaring global variables
2022-11-26 15:28:01,137:INFO:USI: aa59
2022-11-26 15:28:01,137:INFO:pycaret_globals: {'_available_plots', 'fold_groups_param', '_gpu_n_jobs_param', 'display_container', 'pycaret_globals', 'y', '_ml_usecase', 'seed', '_internal_pipeline', 'X_test', 'transform_target_param', 'imputation_regressor', 'target_param', 'fix_imbalance_method_param', 'fold_generator', 'imputation_classifier', 'log_plots_param', '_all_models', 'data_before_preprocess', 'fix_imbalance_param', 'y_train', 'y_test', 'fold_shuffle_param', 'html_param', 'n_jobs_param', 'fold_param', 'prep_pipe', 'master_model_container', 'gpu_param', 'experiment__', '_all_models_internal', 'X', 'iterative_imputation_iters_param', 'stratify_param', 'create_model_container', 'logging_param', 'exp_name_log', 'transform_target_method_param', '_all_metrics', 'X_train', 'USI'}
2022-11-26 15:28:01,138:INFO:Preparing display monitor
2022-11-26 15:28:01,138:INFO:Preparing display monitor
2022-11-26 15:28:01,149:INFO:Importing libraries
2022-11-26 15:28:01,149:INFO:Copying data for preprocessing
2022-11-26 15:28:01,155:INFO:Declaring preprocessing parameters
2022-11-26 15:28:01,156:INFO:Creating preprocessing pipeline
2022-11-26 15:28:01,161:INFO:Preprocessing pipeline created successfully
2022-11-26 15:28:01,161:ERROR:(Process Exit): setup has been interupted with user command 'quit'. setup must rerun.
2022-11-26 15:28:01,161:INFO:Creating global containers
2022-11-26 15:28:01,162:INFO:Internal pipeline: Pipeline(memory=None, steps=[('empty_step', 'passthrough')], verbose=False)
2022-11-26 15:28:09,540:INFO:Creating grid variables
2022-11-26 15:28:09,550:INFO:create_model_container: 0
2022-11-26 15:28:09,551:INFO:master_model_container: 0
2022-11-26 15:28:09,551:INFO:display_container: 1
2022-11-26 15:28:45,893:INFO:PyCaret Supervised Module
2022-11-26 15:28:45,893:INFO:ML Usecase: classification
2022-11-26 15:28:45,893:INFO:version 2.2.3
2022-11-26 15:28:45,893:INFO:Initializing setup()
2022-11-26 15:28:45,894:INFO:setup(target=Class, ml_usecase=classification, available_plots={'parameter': 'Hyperparameters', 'auc': 'AUC', 'confusion_matrix': 'Confusion Matrix', 'threshold': 'Threshold', 'pr': 'Precision Recall', 'error': 'Prediction Error', 'class_report': 'Class Report', 'rfe': 'Feature Selection', 'learning': 'Learning Curve', 'manifold': 'Manifold Learning', 'calibration': 'Calibration Curve', 'vc': 'Validation Curve', 'dimension': 'Dimensions', 'feature': 'Feature Importance', 'feature_all': 'Feature Importance (All)', 'boundary': 'Decision Boundary', 'lift': 'Lift Chart', 'gain': 'Gain Chart', 'tree': 'Decision Tree'}, train_size=0.7, test_data=None, preprocess=True, imputation_type=simple, iterative_imputation_iters=5, categorical_features=None, categorical_imputation=constant, categorical_iterative_imputer=lightgbm, ordinal_features=None, high_cardinality_features=None, high_cardinality_method=frequency, numeric_features=None, numeric_imputation=True, numeric_iterative_imputer=lightgbm, date_features=None, ignore_features=None, normalize=False, normalize_method=zscore, transformation=False, transformation_method=yeo-johnson, handle_unknown_categorical=True, unknown_categorical_method=least_frequent, pca=False, pca_method=linear, pca_components=None, ignore_low_variance=False, combine_rare_levels=False, rare_level_threshold=0.1, bin_numeric_features=None, remove_outliers=False, outliers_threshold=0.05, remove_multicollinearity=False, multicollinearity_threshold=0.9, remove_perfect_collinearity=True, create_clusters=False, cluster_iter=20, polynomial_features=False, polynomial_degree=2, trigonometry_features=False, polynomial_threshold=0.1, group_features=None, group_names=None, feature_selection=False, feature_selection_threshold=0.8, feature_selection_method=classic, feature_interaction=False, feature_ratio=False, interaction_threshold=0.01, fix_imbalance=False, fix_imbalance_method=None, transform_target=False, transform_target_method=box-cox, data_split_shuffle=True, data_split_stratify=False, fold_strategy=stratifiedkfold, fold=10, fold_shuffle=True, fold_groups=None, n_jobs=-1, use_gpu=False, custom_pipeline=None, html=True, session_id=123, log_experiment=False, experiment_name=None, log_plots=False, log_profile=False, log_data=False, silent=False, verbose=True, profile=False, profile_kwargs=None, display=None)
2022-11-26 15:28:45,894:INFO:Checking environment
2022-11-26 15:28:45,894:INFO:python_version: 3.10.6
2022-11-26 15:28:45,894:INFO:python_build: ('main', 'Aug 22 2022 20:36:39')
2022-11-26 15:28:45,894:INFO:machine: x86_64
2022-11-26 15:28:45,894:INFO:platform: Linux-5.4.0-1094-azure-x86_64-with-glibc2.35
2022-11-26 15:28:45,894:INFO:Memory: svmem(total=33670815744, available=27557163008, percent=18.2, used=5626359808, free=1285246976, active=7847219200, inactive=22188396544, buffers=948068352, cached=25811140608, shared=1126400, slab=2026258432)
2022-11-26 15:28:45,895:INFO:Physical Core: 8
2022-11-26 15:28:45,895:INFO:Logical Core: 16
2022-11-26 15:28:45,895:INFO:Checking libraries
2022-11-26 15:28:45,895:INFO:pd==1.5.1
2022-11-26 15:28:45,895:INFO:numpy==1.23.5
2022-11-26 15:28:45,895:INFO:sklearn==1.1.3
2022-11-26 15:28:45,895:INFO:xgboost==1.7.1
2022-11-26 15:28:45,895:INFO:lightgbm==3.3.3
2022-11-26 15:28:45,895:INFO:catboost==1.1.1
2022-11-26 15:28:45,895:INFO:mlflow==1.30.0
2022-11-26 15:28:45,895:INFO:Checking Exceptions
2022-11-26 15:28:58,524:INFO:PyCaret Supervised Module
2022-11-26 15:28:58,525:INFO:ML Usecase: classification
2022-11-26 15:28:58,525:INFO:version 2.2.3
2022-11-26 15:28:58,525:INFO:Initializing setup()
2022-11-26 15:28:58,525:INFO:setup(target=Class, ml_usecase=classification, available_plots={'parameter': 'Hyperparameters', 'auc': 'AUC', 'confusion_matrix': 'Confusion Matrix', 'threshold': 'Threshold', 'pr': 'Precision Recall', 'error': 'Prediction Error', 'class_report': 'Class Report', 'rfe': 'Feature Selection', 'learning': 'Learning Curve', 'manifold': 'Manifold Learning', 'calibration': 'Calibration Curve', 'vc': 'Validation Curve', 'dimension': 'Dimensions', 'feature': 'Feature Importance', 'feature_all': 'Feature Importance (All)', 'boundary': 'Decision Boundary', 'lift': 'Lift Chart', 'gain': 'Gain Chart', 'tree': 'Decision Tree'}, train_size=0.7, test_data=None, preprocess=True, imputation_type=simple, iterative_imputation_iters=5, categorical_features=None, categorical_imputation=constant, categorical_iterative_imputer=lightgbm, ordinal_features=None, high_cardinality_features=None, high_cardinality_method=frequency, numeric_features=None, numeric_imputation=median, numeric_iterative_imputer=lightgbm, date_features=None, ignore_features=None, normalize=False, normalize_method=zscore, transformation=False, transformation_method=yeo-johnson, handle_unknown_categorical=True, unknown_categorical_method=least_frequent, pca=False, pca_method=linear, pca_components=None, ignore_low_variance=False, combine_rare_levels=False, rare_level_threshold=0.1, bin_numeric_features=None, remove_outliers=False, outliers_threshold=0.05, remove_multicollinearity=False, multicollinearity_threshold=0.9, remove_perfect_collinearity=True, create_clusters=False, cluster_iter=20, polynomial_features=False, polynomial_degree=2, trigonometry_features=False, polynomial_threshold=0.1, group_features=None, group_names=None, feature_selection=False, feature_selection_threshold=0.8, feature_selection_method=classic, feature_interaction=False, feature_ratio=False, interaction_threshold=0.01, fix_imbalance=False, fix_imbalance_method=None, transform_target=False, transform_target_method=box-cox, data_split_shuffle=True, data_split_stratify=False, fold_strategy=stratifiedkfold, fold=10, fold_shuffle=True, fold_groups=None, n_jobs=-1, use_gpu=False, custom_pipeline=None, html=True, session_id=123, log_experiment=False, experiment_name=None, log_plots=False, log_profile=False, log_data=False, silent=False, verbose=True, profile=False, profile_kwargs=None, display=None)
2022-11-26 15:28:58,525:INFO:Checking environment
2022-11-26 15:28:58,525:INFO:python_version: 3.10.6
2022-11-26 15:28:58,526:INFO:python_build: ('main', 'Aug 22 2022 20:36:39')
2022-11-26 15:28:58,526:INFO:machine: x86_64
2022-11-26 15:28:58,526:INFO:platform: Linux-5.4.0-1094-azure-x86_64-with-glibc2.35
2022-11-26 15:28:58,526:INFO:Memory: svmem(total=33670815744, available=27798573056, percent=17.4, used=5384933376, free=1526607872, active=7603994624, inactive=22188544000, buffers=948105216, cached=25811169280, shared=1126400, slab=2026180608)
2022-11-26 15:28:58,527:INFO:Physical Core: 8
2022-11-26 15:28:58,527:INFO:Logical Core: 16
2022-11-26 15:28:58,527:INFO:Checking libraries
2022-11-26 15:28:58,527:INFO:pd==1.5.1
2022-11-26 15:28:58,527:INFO:numpy==1.23.5
2022-11-26 15:28:58,527:INFO:sklearn==1.1.3
2022-11-26 15:28:58,527:INFO:xgboost==1.7.1
2022-11-26 15:28:58,528:INFO:lightgbm==3.3.3
2022-11-26 15:28:58,528:INFO:catboost==1.1.1
2022-11-26 15:28:58,528:INFO:mlflow==1.30.0
2022-11-26 15:28:58,528:INFO:Checking Exceptions
2022-11-26 15:28:58,528:INFO:Declaring global variables
2022-11-26 15:28:58,528:INFO:USI: e6ae
2022-11-26 15:28:58,528:INFO:pycaret_globals: {'_available_plots', 'fold_groups_param', '_gpu_n_jobs_param', 'display_container', 'pycaret_globals', 'y', '_ml_usecase', 'seed', '_internal_pipeline', 'X_test', 'transform_target_param', 'imputation_regressor', 'target_param', 'fix_imbalance_method_param', 'fold_generator', 'imputation_classifier', 'log_plots_param', '_all_models', 'data_before_preprocess', 'fix_imbalance_param', 'y_train', 'y_test', 'fold_shuffle_param', 'html_param', 'n_jobs_param', 'fold_param', 'prep_pipe', 'master_model_container', 'gpu_param', 'experiment__', '_all_models_internal', 'X', 'iterative_imputation_iters_param', 'stratify_param', 'create_model_container', 'logging_param', 'exp_name_log', 'transform_target_method_param', '_all_metrics', 'X_train', 'USI'}
2022-11-26 15:28:58,528:INFO:Preparing display monitor
2022-11-26 15:28:58,528:INFO:Preparing display monitor
2022-11-26 15:28:58,539:INFO:Importing libraries
2022-11-26 15:28:58,539:INFO:Copying data for preprocessing
2022-11-26 15:28:58,546:INFO:Declaring preprocessing parameters
2022-11-26 15:28:58,547:INFO:Creating preprocessing pipeline
2022-11-26 15:28:58,552:INFO:Preprocessing pipeline created successfully
2022-11-26 15:28:58,552:ERROR:(Process Exit): setup has been interupted with user command 'quit'. setup must rerun.
2022-11-26 15:28:58,552:INFO:Creating global containers
2022-11-26 15:28:58,552:INFO:Internal pipeline: Pipeline(memory=None, steps=[('empty_step', 'passthrough')], verbose=False)
2022-11-26 15:29:01,076:INFO:Creating grid variables
2022-11-26 15:29:01,086:INFO:create_model_container: 0
2022-11-26 15:29:01,086:INFO:master_model_container: 0
2022-11-26 15:29:01,086:INFO:display_container: 1
